Performing C SOURCE FILE Test CMAKE_HAVE_LIBC_PTHREAD failed with the following output:
Change Dir: /home/zq/zq/projects/binocular_project/binocular_gpu/build/CMakeFiles/CMakeTmp

Run Build Command(s):/usr/bin/make cmTC_302e6/fast && /usr/bin/make -f CMakeFiles/cmTC_302e6.dir/build.make CMakeFiles/cmTC_302e6.dir/build
make[1]: Entering directory '/home/zq/zq/projects/binocular_project/binocular_gpu/build/CMakeFiles/CMakeTmp'
Building C object CMakeFiles/cmTC_302e6.dir/src.c.o
/usr/bin/cc   -DCMAKE_HAVE_LIBC_PTHREAD   -o CMakeFiles/cmTC_302e6.dir/src.c.o   -c /home/zq/zq/projects/binocular_project/binocular_gpu/build/CMakeFiles/CMakeTmp/src.c
Linking C executable cmTC_302e6
/usr/local/lib/python2.7/dist-packages/cmake/data/bin/cmake -E cmake_link_script CMakeFiles/cmTC_302e6.dir/link.txt --verbose=1
/usr/bin/cc  -DCMAKE_HAVE_LIBC_PTHREAD    CMakeFiles/cmTC_302e6.dir/src.c.o  -o cmTC_302e6 
CMakeFiles/cmTC_302e6.dir/src.c.o: In function `main':
src.c:(.text+0x3e): undefined reference to `pthread_create'
src.c:(.text+0x4a): undefined reference to `pthread_detach'
src.c:(.text+0x56): undefined reference to `pthread_cancel'
src.c:(.text+0x67): undefined reference to `pthread_join'
src.c:(.text+0x7b): undefined reference to `pthread_atfork'
collect2: error: ld returned 1 exit status
CMakeFiles/cmTC_302e6.dir/build.make:103: recipe for target 'cmTC_302e6' failed
make[1]: *** [cmTC_302e6] Error 1
make[1]: Leaving directory '/home/zq/zq/projects/binocular_project/binocular_gpu/build/CMakeFiles/CMakeTmp'
Makefile:138: recipe for target 'cmTC_302e6/fast' failed
make: *** [cmTC_302e6/fast] Error 2


Source file was:
#include <pthread.h>

void* test_func(void* data)
{
  return data;
}

int main(void)
{
  pthread_t thread;
  pthread_create(&thread, NULL, test_func, NULL);
  pthread_detach(thread);
  pthread_cancel(thread);
  pthread_join(thread, NULL);
  pthread_atfork(NULL, NULL, NULL);
  pthread_exit(NULL);

  return 0;
}

Determining if the function pthread_create exists in the pthreads failed with the following output:
Change Dir: /home/zq/zq/projects/binocular_project/binocular_gpu/build/CMakeFiles/CMakeTmp

Run Build Command(s):/usr/bin/make cmTC_b8cda/fast && /usr/bin/make -f CMakeFiles/cmTC_b8cda.dir/build.make CMakeFiles/cmTC_b8cda.dir/build
make[1]: Entering directory '/home/zq/zq/projects/binocular_project/binocular_gpu/build/CMakeFiles/CMakeTmp'
Building C object CMakeFiles/cmTC_b8cda.dir/CheckFunctionExists.c.o
/usr/bin/cc   -DCHECK_FUNCTION_EXISTS=pthread_create   -o CMakeFiles/cmTC_b8cda.dir/CheckFunctionExists.c.o   -c /usr/local/lib/python2.7/dist-packages/cmake/data/share/cmake-3.17/Modules/CheckFunctionExists.c
Linking C executable cmTC_b8cda
/usr/local/lib/python2.7/dist-packages/cmake/data/bin/cmake -E cmake_link_script CMakeFiles/cmTC_b8cda.dir/link.txt --verbose=1
/usr/bin/cc  -DCHECK_FUNCTION_EXISTS=pthread_create    CMakeFiles/cmTC_b8cda.dir/CheckFunctionExists.c.o  -o cmTC_b8cda  -lpthreads 
/usr/bin/ld: cannot find -lpthreads
collect2: error: ld returned 1 exit status
CMakeFiles/cmTC_b8cda.dir/build.make:103: recipe for target 'cmTC_b8cda' failed
make[1]: *** [cmTC_b8cda] Error 1
make[1]: Leaving directory '/home/zq/zq/projects/binocular_project/binocular_gpu/build/CMakeFiles/CMakeTmp'
Makefile:138: recipe for target 'cmTC_b8cda/fast' failed
make: *** [cmTC_b8cda/fast] Error 2



